# JRE version: Java(TM) SE Runtime Environment (24.0.1+9) (build 24.0.1+9-30)
# Java VM: Java HotSpot(TM) 64-Bit Server VM (24.0.1+9-30, mixed mode, sharing, tiered, compressed oops, compressed class ptrs, g1 gc, windows-amd64)
GC Precious Log:
 CardTable entry size: 512
 Card Set container configuration: InlinePtr #cards 4 size 8 Array Of Cards #cards 32 size 80 Howl #buckets 8 coarsen threshold 7372 Howl Bitmap #cards 1024 size 144 coarsen threshold 921 Card regions per heap region 1 cards per card region 8192
 CPUs: 16 total, 16 available
 Memory: 16202M
 Large Page Support: Disabled
 NUMA Support: Disabled
 Compressed Oops: Enabled (Zero based)
 Heap Region Size: 4M
 Heap Min Capacity: 8M
 Heap Initial Capacity: 256M
 Heap Max Capacity: 8G
 Pre-touch: Disabled
 Parallel Workers: 13
 Concurrent Workers: 3
 Concurrent Refinement Workers: 13
 Periodic GC: Disabled
Heap:
 garbage-first heap   total reserved 8388608K, committed 172032K, used 107984K [0x0000000600000000, 0x0000000800000000)
  region size 4096K, 1 young (4096K), 1 survivors (4096K)
 Metaspace       used 86456K, committed 88640K, reserved 1179648K
  class space    used 9766K, committed 10816K, reserved 1048576K
GC Heap History (20 events):
Event: 8.982 GC heap after
{Heap after GC invocations=17 (full 0):
 garbage-first heap   total reserved 8388608K, committed 126976K, used 64324K [0x0000000600000000, 0x0000000800000000)
  region size 4096K, 2 young (8192K), 2 survivors (8192K)
 Metaspace       used 66582K, committed 68544K, reserved 1114112K
  class space    used 7645K, committed 8576K, reserved 1048576K
}
Event: 9.402 GC heap before
{Heap before GC invocations=17 (full 0):
 garbage-first heap   total reserved 8388608K, committed 126976K, used 101188K [0x0000000600000000, 0x0000000800000000)
  region size 4096K, 11 young (45056K), 2 survivors (8192K)
 Metaspace       used 68728K, committed 70784K, reserved 1114112K
  class space    used 7919K, committed 8896K, reserved 1048576K
}
Event: 9.407 GC heap after
{Heap after GC invocations=18 (full 0):
 garbage-first heap   total reserved 8388608K, committed 126976K, used 67671K [0x0000000600000000, 0x0000000800000000)
  region size 4096K, 2 young (8192K), 2 survivors (8192K)
 Metaspace       used 68728K, committed 70784K, reserved 1114112K
  class space    used 7919K, committed 8896K, reserved 1048576K
}
Event: 9.902 GC heap before
{Heap before GC invocations=19 (full 0):
 garbage-first heap   total reserved 8388608K, committed 126976K, used 104535K [0x0000000600000000, 0x0000000800000000)
  region size 4096K, 11 young (45056K), 2 survivors (8192K)
 Metaspace       used 71159K, committed 73216K, reserved 1114112K
  class space    used 8273K, committed 9216K, reserved 1048576K
}
Event: 9.908 GC heap after
{Heap after GC invocations=20 (full 0):
 garbage-first heap   total reserved 8388608K, committed 155648K, used 69995K [0x0000000600000000, 0x0000000800000000)
  region size 4096K, 2 young (8192K), 2 survivors (8192K)
 Metaspace       used 71159K, committed 73216K, reserved 1114112K
  class space    used 8273K, committed 9216K, reserved 1048576K
}
Event: 10.811 GC heap before
{Heap before GC invocations=20 (full 0):
 garbage-first heap   total reserved 8388608K, committed 155648K, used 131435K [0x0000000600000000, 0x0000000800000000)
  region size 4096K, 17 young (69632K), 2 survivors (8192K)
 Metaspace       used 74252K, committed 76352K, reserved 1179648K
  class space    used 8691K, committed 9664K, reserved 1048576K
}
Event: 10.818 GC heap after
{Heap after GC invocations=21 (full 0):
 garbage-first heap   total reserved 8388608K, committed 155648K, used 74369K [0x0000000600000000, 0x0000000800000000)
  region size 4096K, 3 young (12288K), 3 survivors (12288K)
 Metaspace       used 74252K, committed 76352K, reserved 1179648K
  class space    used 8691K, committed 9664K, reserved 1048576K
}
Event: 11.126 GC heap before
{Heap before GC invocations=21 (full 0):
 garbage-first heap   total reserved 8388608K, committed 155648K, used 123521K [0x0000000600000000, 0x0000000800000000)
  region size 4096K, 16 young (65536K), 3 survivors (12288K)
 Metaspace       used 74611K, committed 76672K, reserved 1179648K
  class space    used 8700K, committed 9664K, reserved 1048576K
}
Event: 11.135 GC heap after
{Heap after GC invocations=22 (full 0):
 garbage-first heap   total reserved 8388608K, committed 155648K, used 77541K [0x0000000600000000, 0x0000000800000000)
  region size 4096K, 2 young (8192K), 2 survivors (8192K)
 Metaspace       used 74611K, committed 76672K, reserved 1179648K
  class space    used 8700K, committed 9664K, reserved 1048576K
}
Event: 11.380 GC heap before
{Heap before GC invocations=23 (full 0):
 garbage-first heap   total reserved 8388608K, committed 155648K, used 126693K [0x0000000600000000, 0x0000000800000000)
  region size 4096K, 15 young (61440K), 2 survivors (8192K)
 Metaspace       used 74644K, committed 76736K, reserved 1179648K
  class space    used 8700K, committed 9664K, reserved 1048576K
}
Event: 11.386 GC heap after
{Heap after GC invocations=24 (full 0):
 garbage-first heap   total reserved 8388608K, committed 155648K, used 79136K [0x0000000600000000, 0x0000000800000000)
  region size 4096K, 2 young (8192K), 2 survivors (8192K)
 Metaspace       used 74644K, committed 76736K, reserved 1179648K
  class space    used 8700K, committed 9664K, reserved 1048576K
}
Event: 11.847 GC heap before
{Heap before GC invocations=24 (full 0):
 garbage-first heap   total reserved 8388608K, committed 155648K, used 128288K [0x0000000600000000, 0x0000000800000000)
  region size 4096K, 15 young (61440K), 2 survivors (8192K)
 Metaspace       used 75418K, committed 77504K, reserved 1179648K
  class space    used 8783K, committed 9792K, reserved 1048576K
}
Event: 11.854 GC heap after
{Heap after GC invocations=25 (full 0):
 garbage-first heap   total reserved 8388608K, committed 155648K, used 82365K [0x0000000600000000, 0x0000000800000000)
  region size 4096K, 2 young (8192K), 2 survivors (8192K)
 Metaspace       used 75418K, committed 77504K, reserved 1179648K
  class space    used 8783K, committed 9792K, reserved 1048576K
}
Event: 12.358 GC heap before
{Heap before GC invocations=25 (full 0):
 garbage-first heap   total reserved 8388608K, committed 155648K, used 127421K [0x0000000600000000, 0x0000000800000000)
  region size 4096K, 14 young (57344K), 2 survivors (8192K)
 Metaspace       used 77318K, committed 79488K, reserved 1179648K
  class space    used 8914K, committed 9920K, reserved 1048576K
}
Event: 12.364 GC heap after
{Heap after GC invocations=26 (full 0):
 garbage-first heap   total reserved 8388608K, committed 159744K, used 99231K [0x0000000600000000, 0x0000000800000000)
  region size 4096K, 2 young (8192K), 2 survivors (8192K)
 Metaspace       used 77318K, committed 79488K, reserved 1179648K
  class space    used 8914K, committed 9920K, reserved 1048576K
}
Event: 12.877 GC heap before
{Heap before GC invocations=27 (full 0):
 garbage-first heap   total reserved 8388608K, committed 172032K, used 136095K [0x0000000600000000, 0x0000000800000000)
  region size 4096K, 11 young (45056K), 2 survivors (8192K)
 Metaspace       used 80539K, committed 82688K, reserved 1179648K
  class space    used 9210K, committed 10240K, reserved 1048576K
}
Event: 12.880 GC heap after
{Heap after GC invocations=28 (full 0):
 garbage-first heap   total reserved 8388608K, committed 172032K, used 100104K [0x0000000600000000, 0x0000000800000000)
  region size 4096K, 1 young (4096K), 1 survivors (4096K)
 Metaspace       used 80539K, committed 82688K, reserved 1179648K
  class space    used 9210K, committed 10240K, reserved 1048576K
}
Event: 13.316 GC heap before
{Heap before GC invocations=28 (full 0):
 garbage-first heap   total reserved 8388608K, committed 172032K, used 141064K [0x0000000600000000, 0x0000000800000000)
  region size 4096K, 12 young (49152K), 1 survivors (4096K)
 Metaspace       used 83756K, committed 85888K, reserved 1179648K
  class space    used 9469K, committed 10496K, reserved 1048576K
}
Event: 13.324 GC heap after
{Heap after GC invocations=29 (full 0):
 garbage-first heap   total reserved 8388608K, committed 172032K, used 105186K [0x0000000600000000, 0x0000000800000000)
  region size 4096K, 2 young (8192K), 2 survivors (8192K)
 Metaspace       used 83756K, committed 85888K, reserved 1179648K
  class space    used 9469K, committed 10496K, reserved 1048576K
}
Event: 13.760 GC heap before
{Heap before GC invocations=29 (full 0):
 garbage-first heap   total reserved 8388608K, committed 172032K, used 146146K [0x0000000600000000, 0x0000000800000000)
  region size 4096K, 12 young (49152K), 2 survivors (8192K)
 Metaspace       used 86456K, committed 88640K, reserved 1179648K
  class space    used 9766K, committed 10816K, reserved 1048576K
}

