# JRE version: OpenJDK Runtime Environment Temurin-21.0.10+7 (21.0.10+7) (build 21.0.10+7-LTS)
# Java VM: OpenJDK 64-Bit Server VM Temurin-21.0.10+7 (21.0.10+7-LTS, mixed mode, sharing, tiered, compressed oops, compressed class ptrs, g1 gc, windows-amd64)
GC Precious Log:
 CardTable entry size: 512
 Card Set container configuration: InlinePtr #cards 4 size 8 Array Of Cards #cards 32 size 80 Howl #buckets 8 coarsen threshold 7372 Howl Bitmap #cards 1024 size 144 coarsen threshold 921 Card regions per heap region 1 cards per card region 8192
 CPUs: 16 total, 16 available
 Memory: 16202M
 Large Page Support: Disabled
 NUMA Support: Disabled
 Compressed Oops: Enabled (Zero based)
 Heap Region Size: 4M
 Heap Min Capacity: 8M
 Heap Initial Capacity: 256M
 Heap Max Capacity: 8G
 Pre-touch: Disabled
 Parallel Workers: 13
 Concurrent Workers: 3
 Concurrent Refinement Workers: 13
 Periodic GC: Disabled
Heap:
 garbage-first heap   total 122880K, used 72935K [0x0000000600000000, 0x0000000800000000)
  region size 4096K, 3 young (12288K), 2 survivors (8192K)
 Metaspace       used 76454K, committed 78720K, reserved 1179648K
  class space    used 11228K, committed 12352K, reserved 1048576K
GC Heap History (20 events):
Event: 11.333 GC heap before
{Heap before GC invocations=11 (full 0):
 garbage-first heap   total 106496K, used 90190K [0x0000000600000000, 0x0000000800000000)
  region size 4096K, 15 young (61440K), 2 survivors (8192K)
 Metaspace       used 49202K, committed 51008K, reserved 1114112K
  class space    used 7287K, committed 8192K, reserved 1048576K
}
Event: 11.341 GC heap after
{Heap after GC invocations=12 (full 0):
 garbage-first heap   total 106496K, used 41662K [0x0000000600000000, 0x0000000800000000)
  region size 4096K, 2 young (8192K), 2 survivors (8192K)
 Metaspace       used 49202K, committed 51008K, reserved 1114112K
  class space    used 7287K, committed 8192K, reserved 1048576K
}
Event: 12.365 GC heap before
{Heap before GC invocations=12 (full 0):
 garbage-first heap   total 106496K, used 90814K [0x0000000600000000, 0x0000000800000000)
  region size 4096K, 14 young (57344K), 2 survivors (8192K)
 Metaspace       used 52964K, committed 54848K, reserved 1114112K
  class space    used 7900K, committed 8832K, reserved 1048576K
}
Event: 12.372 GC heap after
{Heap after GC invocations=13 (full 0):
 garbage-first heap   total 106496K, used 44571K [0x0000000600000000, 0x0000000800000000)
  region size 4096K, 1 young (4096K), 1 survivors (4096K)
 Metaspace       used 52964K, committed 54848K, reserved 1114112K
  class space    used 7900K, committed 8832K, reserved 1048576K
}
Event: 13.385 GC heap before
{Heap before GC invocations=13 (full 0):
 garbage-first heap   total 106496K, used 93723K [0x0000000600000000, 0x0000000800000000)
  region size 4096K, 13 young (53248K), 1 survivors (4096K)
 Metaspace       used 57637K, committed 59648K, reserved 1114112K
  class space    used 8532K, committed 9536K, reserved 1048576K
}
Event: 13.390 GC heap after
{Heap after GC invocations=14 (full 0):
 garbage-first heap   total 110592K, used 54160K [0x0000000600000000, 0x0000000800000000)
  region size 4096K, 2 young (8192K), 2 survivors (8192K)
 Metaspace       used 57637K, committed 59648K, reserved 1114112K
  class space    used 8532K, committed 9536K, reserved 1048576K
}
Event: 13.474 GC heap before
{Heap before GC invocations=14 (full 0):
 garbage-first heap   total 110592K, used 54160K [0x0000000600000000, 0x0000000800000000)
  region size 4096K, 3 young (12288K), 2 survivors (8192K)
 Metaspace       used 58275K, committed 60160K, reserved 1114112K
  class space    used 8605K, committed 9536K, reserved 1048576K
}
Event: 13.480 GC heap after
{Heap after GC invocations=15 (full 0):
 garbage-first heap   total 110592K, used 54217K [0x0000000600000000, 0x0000000800000000)
  region size 4096K, 1 young (4096K), 1 survivors (4096K)
 Metaspace       used 58275K, committed 60160K, reserved 1114112K
  class space    used 8605K, committed 9536K, reserved 1048576K
}
Event: 14.475 GC heap before
{Heap before GC invocations=16 (full 0):
 garbage-first heap   total 110592K, used 95177K [0x0000000600000000, 0x0000000800000000)
  region size 4096K, 11 young (45056K), 1 survivors (4096K)
 Metaspace       used 61751K, committed 63744K, reserved 1114112K
  class space    used 9100K, committed 10048K, reserved 1048576K
}
Event: 14.479 GC heap after
{Heap after GC invocations=17 (full 0):
 garbage-first heap   total 110592K, used 55822K [0x0000000600000000, 0x0000000800000000)
  region size 4096K, 1 young (4096K), 1 survivors (4096K)
 Metaspace       used 61751K, committed 63744K, reserved 1114112K
  class space    used 9100K, committed 10048K, reserved 1048576K
}
Event: 15.374 GC heap before
{Heap before GC invocations=17 (full 0):
 garbage-first heap   total 110592K, used 100878K [0x0000000600000000, 0x0000000800000000)
  region size 4096K, 11 young (45056K), 1 survivors (4096K)
 Metaspace       used 64314K, committed 66304K, reserved 1114112K
  class space    used 9462K, committed 10432K, reserved 1048576K
}
Event: 15.380 GC heap after
{Heap after GC invocations=18 (full 0):
 garbage-first heap   total 110592K, used 61262K [0x0000000600000000, 0x0000000800000000)
  region size 4096K, 1 young (4096K), 1 survivors (4096K)
 Metaspace       used 64314K, committed 66304K, reserved 1114112K
  class space    used 9462K, committed 10432K, reserved 1048576K
}
Event: 16.330 GC heap before
{Heap before GC invocations=18 (full 0):
 garbage-first heap   total 110592K, used 102222K [0x0000000600000000, 0x0000000800000000)
  region size 4096K, 11 young (45056K), 1 survivors (4096K)
 Metaspace       used 66779K, committed 68736K, reserved 1114112K
  class space    used 9799K, committed 10752K, reserved 1048576K
}
Event: 16.336 GC heap after
{Heap after GC invocations=19 (full 0):
 garbage-first heap   total 110592K, used 64319K [0x0000000600000000, 0x0000000800000000)
  region size 4096K, 2 young (8192K), 2 survivors (8192K)
 Metaspace       used 66779K, committed 68736K, reserved 1114112K
  class space    used 9799K, committed 10752K, reserved 1048576K
}
Event: 17.320 GC heap before
{Heap before GC invocations=20 (full 0):
 garbage-first heap   total 110592K, used 101183K [0x0000000600000000, 0x0000000800000000)
  region size 4096K, 11 young (45056K), 2 survivors (8192K)
 Metaspace       used 69541K, committed 71616K, reserved 1114112K
  class space    used 10252K, committed 11328K, reserved 1048576K
}
Event: 17.328 GC heap after
{Heap after GC invocations=21 (full 0):
 garbage-first heap   total 114688K, used 67065K [0x0000000600000000, 0x0000000800000000)
  region size 4096K, 2 young (8192K), 2 survivors (8192K)
 Metaspace       used 69541K, committed 71616K, reserved 1114112K
  class space    used 10252K, committed 11328K, reserved 1048576K
}
Event: 18.576 GC heap before
{Heap before GC invocations=21 (full 0):
 garbage-first heap   total 114688K, used 103929K [0x0000000600000000, 0x0000000800000000)
  region size 4096K, 11 young (45056K), 2 survivors (8192K)
 Metaspace       used 72063K, committed 74176K, reserved 1114112K
  class space    used 10673K, committed 11712K, reserved 1048576K
}
Event: 18.585 GC heap after
{Heap after GC invocations=22 (full 0):
 garbage-first heap   total 122880K, used 69507K [0x0000000600000000, 0x0000000800000000)
  region size 4096K, 2 young (8192K), 2 survivors (8192K)
 Metaspace       used 72063K, committed 74176K, reserved 1114112K
  class space    used 10673K, committed 11712K, reserved 1048576K
}
Event: 20.930 GC heap before
{Heap before GC invocations=22 (full 0):
 garbage-first heap   total 122880K, used 106371K [0x0000000600000000, 0x0000000800000000)
  region size 4096K, 11 young (45056K), 2 survivors (8192K)
 Metaspace       used 76454K, committed 78720K, reserved 1179648K
  class space    used 11228K, committed 12352K, reserved 1048576K
}
Event: 20.937 GC heap after
{Heap after GC invocations=23 (full 0):
 garbage-first heap   total 122880K, used 72935K [0x0000000600000000, 0x0000000800000000)
  region size 4096K, 2 young (8192K), 2 survivors (8192K)
 Metaspace       used 76454K, committed 78720K, reserved 1179648K
  class space    used 11228K, committed 12352K, reserved 1048576K
}

